<?xml version="1.0" encoding="UTF-8"?>
<!-- Generated by org.testng.reporters.JUnitReportReporter -->
<testsuite hostname="Ritendra" failures="0" tests="2" name="tests.TeamTest" time="0.285" errors="0" timestamp="2023-01-16T16:19:34 IST" skipped="0">
  <testcase classname="tests.TeamTest" name="testWicketKeeperExists" time="0.004"/>
  <system-out/>
  <testcase classname="tests.TeamTest" name="testForeignPlayerCount" time="0.281"/>
  <system-out/>
</testsuite> <!-- tests.TeamTest -->
